2018-01-04 19:45:54,653 [http-bio-8181-exec-9] DEBUG [com.thinkgem.jeesite.modules.sys.dao.DictDao.findAllList] - ==>  Preparing: SELECT * FROM sys_dict WHERE del_flag = ? ORDER BY type, sort, update_date DESC 
2018-01-04 19:45:54,670 [http-bio-8181-exec-9] DEBUG [com.thinkgem.jeesite.modules.sys.dao.DictDao.findAllList] - ==> Parameters: 0(String)
2018-01-04 19:45:54,722 [http-bio-8181-exec-9] DEBUG [com.thinkgem.jeesite.modules.sys.dao.DictDao.findAllList] - <==      Total: 76
2018-01-04 19:46:00,058 [http-bio-8181-exec-10] DEBUG [com.thinkgem.jeesite.modules.sys.security.SystemAuthorizingRealm] - login submit, active session size: 1, username: thinkgem
2018-01-04 19:46:00,063 [http-bio-8181-exec-10] DEBUG [com.thinkgem.jeesite.modules.sys.dao.UserDao.getByLoginName] - ==>  Preparing: SELECT a.id, a.company_id AS "company.id", a.office_id AS "office.id", a.login_name, a.password, a.no, a.name, a.email, a.phone, a.mobile, a.user_type, a.login_ip, a.login_date, a.remarks, a.login_flag, a.photo, a.create_by AS "createBy.id", a.create_date, a.update_by AS "updateBy.id", a.update_date, a.del_flag, c.name AS "company.name", c.parent_id AS "company.parent.id", c.parent_ids AS "company.parentIds", ca.id AS "company.area.id", ca.name AS "company.area.name", ca.parent_id AS "company.area.parent.id", ca.parent_ids AS "company.area.parentIds", o.name AS "office.name", o.parent_id AS "office.parent.id", o.parent_ids AS "office.parentIds", oa.id AS "office.area.id", oa.name AS "office.area.name", oa.parent_id AS "office.area.parent.id", oa.parent_ids AS "office.area.parentIds", cu.id AS "company.primaryPerson.id", cu.name AS "company.primaryPerson.name", cu2.id AS "company.deputyPerson.id", cu2.name AS "company.deputyPerson.name", ou.id AS "office.primaryPerson.id", ou.name AS "office.primaryPerson.name", ou2.id AS "office.deputyPerson.id", ou2.name AS "office.deputyPerson.name" FROM sys_user a LEFT JOIN sys_office c ON c.id = a.company_id LEFT JOIN sys_area ca ON ca.id = c.area_id LEFT JOIN sys_office o ON o.id = a.office_id LEFT JOIN sys_area oa ON oa.id = o.area_id LEFT JOIN sys_user cu ON cu.id = c.primary_person LEFT JOIN sys_user cu2 ON cu2.id = c.deputy_person LEFT JOIN sys_user ou ON ou.id = o.primary_person LEFT JOIN sys_user ou2 ON ou2.id = o.deputy_person WHERE a.login_name = ? AND a.del_flag = ? 
2018-01-04 19:46:00,064 [http-bio-8181-exec-10] DEBUG [com.thinkgem.jeesite.modules.sys.dao.UserDao.getByLoginName] - ==> Parameters: thinkgem(String), 0(String)
2018-01-04 19:46:00,081 [http-bio-8181-exec-10] DEBUG [com.thinkgem.jeesite.modules.sys.dao.UserDao.getByLoginName] - <==      Total: 1
2018-01-04 19:46:00,384 [http-bio-8181-exec-10] DEBUG [com.thinkgem.jeesite.modules.sys.dao.RoleDao.findList] - ==>  Preparing: SELECT a.id, a.office_id AS "office.id", a.name, a.enname, a.role_type AS roleType, a.data_scope AS dataScope, a.remarks, a.create_by AS "createBy.id", a.create_date, a.update_by AS "updateBy.id", a.update_date, a.del_flag, o.name AS "office.name", o.code, a.useable AS useable, a.is_sys AS sysData , ro.office_id AS "officeList.id" FROM sys_role a LEFT JOIN sys_office o ON o.id = a.office_id LEFT JOIN sys_user_role ur ON ur.role_id = a.id LEFT JOIN sys_user u ON u.id = ur.user_id LEFT JOIN sys_role_office ro ON ro.role_id = a.id WHERE a.del_flag = ? AND a.useable=? AND u.id = ? AND u.login_name = ? ORDER BY o.code, a.name 
2018-01-04 19:46:00,384 [http-bio-8181-exec-10] DEBUG [com.thinkgem.jeesite.modules.sys.dao.RoleDao.findList] - ==> Parameters: 0(String), 1(String), 1(String), thinkgem(String)
2018-01-04 19:46:00,401 [http-bio-8181-exec-10] DEBUG [com.thinkgem.jeesite.modules.sys.dao.RoleDao.findList] - <==      Total: 2
2018-01-04 19:46:00,445 [http-bio-8181-exec-10] DEBUG [com.thinkgem.jeesite.modules.sys.interceptor.LogInterceptor] - 开始计时: 07:46:00.443  URI: /jeesite/a
2018-01-04 19:46:00,452 [http-bio-8181-exec-10] DEBUG [com.thinkgem.jeesite.modules.sys.dao.MenuDao.findAllList] - ==>  Preparing: SELECT a.id, a.parent_id AS "parent.id", a.parent_ids, a.name, a.href, a.target, a.icon, a.sort, a.is_show, a.permission, a.remarks, a.create_by AS "createBy.id", a.create_date, a.update_by AS "updateBy.id", a.update_date, a.del_flag, p.name AS "parent.name" FROM sys_menu a LEFT JOIN sys_menu p ON p.id = a.parent_id WHERE a.del_flag = ? ORDER BY a.sort 
2018-01-04 19:46:00,453 [http-bio-8181-exec-10] DEBUG [com.thinkgem.jeesite.modules.sys.dao.MenuDao.findAllList] - ==> Parameters: 0(String)
2018-01-04 19:46:00,498 [http-bio-8181-exec-10] DEBUG [com.thinkgem.jeesite.modules.sys.dao.MenuDao.findAllList] - <==      Total: 91
2018-01-04 19:46:00,501 [http-bio-8181-exec-10] DEBUG [com.thinkgem.jeesite.modules.sys.dao.UserDao.updateLoginInfo] - ==>  Preparing: UPDATE sys_user SET login_ip = ?, login_Date = ? WHERE id = ? 
2018-01-04 19:46:00,501 [http-bio-8181-exec-10] DEBUG [com.thinkgem.jeesite.modules.sys.dao.UserDao.updateLoginInfo] - ==> Parameters: 0:0:0:0:0:0:0:1(String), 2018-01-04 19:46:00.5(Timestamp), 1(String)
2018-01-04 19:46:00,503 [http-bio-8181-exec-10] DEBUG [com.thinkgem.jeesite.modules.sys.dao.UserDao.updateLoginInfo] - <==    Updates: 1
2018-01-04 19:46:00,582 [SaveLogThread] DEBUG [com.thinkgem.jeesite.modules.sys.dao.LogDao.insert] - ==>  Preparing: INSERT INTO sys_log( id, type, title, create_by, create_date, remote_addr, user_agent, request_uri, method, params, exception ) VALUES ( ?, ?, ?, ?, ?, ?, ?, ?, ?, ?, ? ) 
2018-01-04 19:46:00,585 [SaveLogThread] DEBUG [com.thinkgem.jeesite.modules.sys.dao.LogDao.insert] - ==> Parameters: df96e766e0aa4c2db9d54ac7056ef484(String), 1(String), 系统登录(String), 1(String), 2018-01-04 19:46:00.582(Timestamp), 0:0:0:0:0:0:0:1(String), Mozilla/5.0 (Windows NT 10.0; WOW64) AppleWebKit/537.36 (KHTML, like Gecko) Chrome/63.0.3239.84 Safari/537.36(String), /jeesite/a(String), GET(String), login=(String), (String)
2018-01-04 19:46:00,586 [http-bio-8181-exec-10] INFO  [com.thinkgem.jeesite.modules.sys.interceptor.LogInterceptor] - ViewName: modules/sys/sysIndex
2018-01-04 19:46:00,621 [http-bio-8181-exec-10] DEBUG [com.thinkgem.jeesite.modules.sys.interceptor.LogInterceptor] - 计时结束：07:46:00.621  耗时：0:0:0.178  URI: /jeesite/a  最大内存: 247m  已分配内存: 175m  已分配内存中的剩余空间: 85m  最大可用内存: 157m
2018-01-04 19:46:00,623 [SaveLogThread] DEBUG [com.thinkgem.jeesite.modules.sys.dao.MenuDao.findAllList] - ==>  Preparing: SELECT a.id, a.parent_id AS "parent.id", a.parent_ids, a.name, a.href, a.target, a.icon, a.sort, a.is_show, a.permission, a.remarks, a.create_by AS "createBy.id", a.create_date, a.update_by AS "updateBy.id", a.update_date, a.del_flag, p.name AS "parent.name" FROM sys_menu a LEFT JOIN sys_menu p ON p.id = a.parent_id WHERE a.del_flag = ? ORDER BY a.sort 
2018-01-04 19:46:00,624 [SaveLogThread] DEBUG [com.thinkgem.jeesite.modules.sys.dao.MenuDao.findAllList] - ==> Parameters: 0(String)
2018-01-04 19:46:00,654 [SaveLogThread] DEBUG [com.thinkgem.jeesite.modules.sys.dao.LogDao.insert] - <==    Updates: 1
2018-01-04 19:46:00,658 [SaveLogThread] DEBUG [com.thinkgem.jeesite.modules.sys.dao.MenuDao.findAllList] - <==      Total: 91
2018-01-04 19:46:00,986 [http-bio-8181-exec-4] DEBUG [com.thinkgem.jeesite.modules.sys.interceptor.LogInterceptor] - 开始计时: 07:46:00.986  URI: /jeesite/a/sys/user/info
2018-01-04 19:46:01,007 [http-bio-8181-exec-4] INFO  [com.thinkgem.jeesite.modules.sys.interceptor.LogInterceptor] - ViewName: modules/sys/userInfo
2018-01-04 19:46:01,265 [http-bio-8181-exec-4] DEBUG [com.thinkgem.jeesite.modules.sys.interceptor.LogInterceptor] - 计时结束：07:46:01.265  耗时：0:0:0.279  URI: /jeesite/a/sys/user/info  最大内存: 247m  已分配内存: 175m  已分配内存中的剩余空间: 56m  最大可用内存: 128m
2018-01-04 19:46:01,265 [SaveLogThread] DEBUG [com.thinkgem.jeesite.modules.sys.dao.LogDao.insert] - ==>  Preparing: INSERT INTO sys_log( id, type, title, create_by, create_date, remote_addr, user_agent, request_uri, method, params, exception ) VALUES ( ?, ?, ?, ?, ?, ?, ?, ?, ?, ?, ? ) 
2018-01-04 19:46:01,266 [SaveLogThread] DEBUG [com.thinkgem.jeesite.modules.sys.dao.LogDao.insert] - ==> Parameters: b33331ec54254099a0b27f685e880f54(String), 1(String), 我的面板-个人信息-个人信息(String), 1(String), 2018-01-04 19:46:01.265(Timestamp), 0:0:0:0:0:0:0:1(String), Mozilla/5.0 (Windows NT 10.0; WOW64) AppleWebKit/537.36 (KHTML, like Gecko) Chrome/63.0.3239.84 Safari/537.36(String), /jeesite/a/sys/user/info(String), GET(String), (String), (String)
2018-01-04 19:46:01,355 [SaveLogThread] DEBUG [com.thinkgem.jeesite.modules.sys.dao.LogDao.insert] - <==    Updates: 1
